#
# There is insufficient memory for the Java Runtime Environment to continue.
# Native memory allocation (mmap) failed to map 175636480 bytes for committing reserved memory.
# Possible reasons:
#   The system is out of physical RAM or swap space
#   In 32 bit mode, the process size limit was hit
# Possible solutions:
#   Reduce memory load on the system
#   Increase physical memory or swap space
#   Check if swap backing store is full
#   Use 64 bit Java on a 64 bit OS
#   Decrease Java heap size (-Xmx/-Xms)
#   Decrease number of Java threads
#   Decrease Java thread stack sizes (-Xss)
#   Set larger code cache with -XX:ReservedCodeCacheSize=
# This output file may be truncated or incomplete.
#
#  Out of Memory Error (os_linux.cpp:2640), pid=20343, tid=0x00007f510ffff700
#
# JRE version: Java(TM) SE Runtime Environment (8.0_161-b12) (build 1.8.0_161-b12)
# Java VM: Java HotSpot(TM) 64-Bit Server VM (25.161-b12 mixed mode linux-amd64 compressed oops)
# Failed to write core dump. Core dumps have been disabled. To enable core dumping, try "ulimit -c unlimited" before starting Java again
#

---------------  T H R E A D  ---------------

Current thread (0x00007f513407d800):  VMThread [stack: 0x00007f510feff000,0x00007f5110000000] [id=20353]

Stack: [0x00007f510feff000,0x00007f5110000000],  sp=0x00007f510fffe1a0,  free space=1020k
Native frames: (J=compiled Java code, j=interpreted, Vv=VM code, C=native code)
V  [libjvm.so+0xacf94a]  VMError::report_and_die()+0x2ba
V  [libjvm.so+0x50050b]  report_vm_out_of_memory(char const*, int, unsigned long, VMErrorType, char const*)+0x8b
V  [libjvm.so+0x92b133]  os::Linux::commit_memory_impl(char*, unsigned long, bool)+0x103
V  [libjvm.so+0x92b5c9]  os::pd_commit_memory(char*, unsigned long, unsigned long, bool)+0x29
V  [libjvm.so+0x924c0a]  os::commit_memory(char*, unsigned long, unsigned long, bool)+0x2a
V  [libjvm.so+0x99ab53]  PSVirtualSpace::expand_by(unsigned long)+0x53
V  [libjvm.so+0x99bf58]  PSYoungGen::resize_generation(unsigned long, unsigned long)+0xf8
V  [libjvm.so+0x99b0b2]  PSYoungGen::resize(unsigned long, unsigned long)+0x22
V  [libjvm.so+0x99838b]  PSScavenge::invoke_no_policy()+0xf3b
V  [libjvm.so+0x998b11]  PSScavenge::invoke()+0x41
V  [libjvm.so+0x94f5a0]  ParallelScavengeHeap::failed_mem_allocate(unsigned long)+0x70
V  [libjvm.so+0xad13c7]  VM_ParallelGCFailedAllocation::doit()+0x97
V  [libjvm.so+0xad8ed5]  VM_Operation::evaluate()+0x55
V  [libjvm.so+0xad729a]  VMThread::evaluate_operation(VM_Operation*)+0xba
V  [libjvm.so+0xad761e]  VMThread::loop()+0x1ce
V  [libjvm.so+0xad7a90]  VMThread::run()+0x70
V  [libjvm.so+0x92da28]  java_start(Thread*)+0x108

VM_Operation (0x00007f510f09fbb0): ParallelGCFailedAllocation, mode: safepoint, requested by thread 0x00007f50e0002000


---------------  P R O C E S S  ---------------

Java Threads: ( => current thread )
  0x00007f50e4d23000 JavaThread "Abandoned connection cleanup thread" daemon [_thread_blocked, id=20383, stack(0x00007f510c9d2000,0x00007f510cad3000)]
  0x00007f50e4d0b800 JavaThread "Tomcat JDBC Pool Cleaner[1829164700:1522266634498]" daemon [_thread_blocked, id=20382, stack(0x00007f510cad3000,0x00007f510cbd4000)]
  0x00007f50e4c66800 JavaThread "Scheduler-1551516944" [_thread_blocked, id=20381, stack(0x00007f510cdd4000,0x00007f510ced5000)]
  0x00007f50e4a2b800 JavaThread "qtp262850082-22" [_thread_blocked, id=20380, stack(0x00007f510ced5000,0x00007f510cfd6000)]
  0x00007f50e4a29800 JavaThread "qtp262850082-21" [_thread_blocked, id=20379, stack(0x00007f510cfd6000,0x00007f510d0d7000)]
  0x00007f50e4a27800 JavaThread "qtp262850082-20" [_thread_blocked, id=20378, stack(0x00007f510d0d7000,0x00007f510d1d8000)]
  0x00007f50e4a26000 JavaThread "qtp262850082-19" [_thread_blocked, id=20377, stack(0x00007f510d1d8000,0x00007f510d2d9000)]
  0x00007f50e4a24800 JavaThread "qtp262850082-18" [_thread_blocked, id=20376, stack(0x00007f510d2d9000,0x00007f510d3da000)]
  0x00007f50e49d8800 JavaThread "qtp262850082-17" [_thread_blocked, id=20375, stack(0x00007f510d3da000,0x00007f510d4db000)]
  0x00007f50e49c5000 JavaThread "qtp262850082-16" [_thread_blocked, id=20374, stack(0x00007f510d4db000,0x00007f510d5dc000)]
  0x00007f50e49c4800 JavaThread "qtp262850082-15" [_thread_blocked, id=20373, stack(0x00007f510ea81000,0x00007f510eb82000)]
  0x00007f50e0002000 JavaThread "restartedMain" [_thread_blocked, id=20364, stack(0x00007f510efa2000,0x00007f510f0a3000)]
  0x00007f5134723800 JavaThread "Thread-0" [_thread_blocked, id=20363, stack(0x00007f510f0a3000,0x00007f510f1a4000)]
  0x00007f51340d7800 JavaThread "Service Thread" daemon [_thread_blocked, id=20361, stack(0x00007f510f51e000,0x00007f510f61f000)]
  0x00007f51340c4000 JavaThread "C1 CompilerThread2" daemon [_thread_blocked, id=20360, stack(0x00007f510f61f000,0x00007f510f720000)]
  0x00007f51340c2800 JavaThread "C2 CompilerThread1" daemon [_thread_in_native, id=20359, stack(0x00007f510f720000,0x00007f510f821000)]
  0x00007f51340bf800 JavaThread "C2 CompilerThread0" daemon [_thread_blocked, id=20358, stack(0x00007f510f821000,0x00007f510f922000)]
  0x00007f51340be000 JavaThread "Signal Dispatcher" daemon [_thread_blocked, id=20357, stack(0x00007f510f922000,0x00007f510fa23000)]
  0x00007f5134089800 JavaThread "Finalizer" daemon [_thread_blocked, id=20355, stack(0x00007f510fcfd000,0x00007f510fdfe000)]
  0x00007f5134085000 JavaThread "Reference Handler" daemon [_thread_blocked, id=20354, stack(0x00007f510fdfe000,0x00007f510feff000)]
  0x00007f513400f800 JavaThread "main" [_thread_blocked, id=20348, stack(0x00007f513c982000,0x00007f513ca83000)]

Other Threads:
=>0x00007f513407d800 VMThread [stack: 0x00007f510feff000,0x00007f5110000000] [id=20353]
  0x00007f51340dc800 WatcherThread [stack: 0x00007f510f41d000,0x00007f510f51e000] [id=20362]

VM state:at safepoint (normal execution)

VM Mutex/Monitor currently owned by a thread:  ([mutex/lock_event])
[0x00007f513400bd40] Threads_lock - owner thread: 0x00007f513407d800
[0x00007f513400c240] Heap_lock - owner thread: 0x00007f50e0002000

Heap:
 PSYoungGen      total 445952K, used 16363K [0x00000000d7100000, 0x00000000f3800000, 0x0000000100000000)
  eden space 429568K, 0% used [0x00000000d7100000,0x00000000d7100000,0x00000000f1480000)
  from space 16384K, 99% used [0x00000000f1480000,0x00000000f247ac08,0x00000000f2480000)
  to   space 15360K, 0% used [0x00000000f2480000,0x00000000f2480000,0x00000000f3380000)
 ParOldGen       total 80896K, used 31331K [0x0000000085200000, 0x000000008a100000, 0x00000000d7100000)
  object space 80896K, 38% used [0x0000000085200000,0x0000000087098e10,0x000000008a100000)
 Metaspace       used 52194K, capacity 52758K, committed 53248K, reserved 1095680K
  class space    used 6760K, capacity 6912K, committed 6912K, reserved 1048576K

Card table byte_map: [0x00007f513933f000,0x00007f5139717000] byte_map_base: 0x00007f5138f16000

Marking Bits: (ParMarkBitMap*) 0x00007f513be4e920
 Begin Bits: [0x00007f511c290000, 0x00007f511e148000)
 End Bits:   [0x00007f511e148000, 0x00007f5120000000)

Polling page: 0x00007f513caa1000

CodeCache: size=245760Kb used=16312Kb max_used=16312Kb free=229447Kb
 bounds [0x00007f5125000000, 0x00007f5126000000, 0x00007f5134000000]
 total_blobs=4931 nmethods=4188 adapters=656
 compilation: enabled

Compilation events (10 events):
Event: 12.065 Thread 0x00007f51340c4000 4817   !   2       org.springframework.beans.factory.support.DefaultSingletonBeanRegistry::addSingletonFactory (73 bytes)
Event: 12.065 Thread 0x00007f51340c4000 nmethod 4817 0x00007f5125ffb710 code [0x00007f5125ffb8c0, 0x00007f5125ffbd48]
Event: 12.074 Thread 0x00007f51340c4000 4818   !   2       org.springframework.beans.factory.support.DefaultSingletonBeanRegistry::getSingleton (309 bytes)
Event: 12.081 Thread 0x00007f51340c4000 nmethod 4818 0x00007f5125ffc350 code [0x00007f5125ffc660, 0x00007f5125ffd488]
Event: 12.082 Thread 0x00007f51340c4000 4820       1       org.springframework.beans.factory.annotation.AutowiredAnnotationBeanPostProcessor::access$000 (5 bytes)
Event: 12.082 Thread 0x00007f51340c4000 nmethod 4820 0x00007f5125ffe450 code [0x00007f5125ffe5a0, 0x00007f5125ffe690]
Event: 12.083 Thread 0x00007f51340c4000 4821       2       org.springframework.scheduling.annotation.ScheduledAnnotationBeanPostProcessor::postProcessMergedBeanDefinition (1 bytes)
Event: 12.083 Thread 0x00007f51340c4000 nmethod 4821 0x00007f5125ffe710 code [0x00007f5125ffe860, 0x00007f5125ffe9b0]
Event: 12.095 Thread 0x00007f51340c4000 4822       2       org.springframework.aop.framework.autoproxy.AbstractAutoProxyCreator::postProcessBeforeInstantiation (143 bytes)
Event: 12.096 Thread 0x00007f51340c4000 nmethod 4822 0x00007f5125ffea50 code [0x00007f5125ffec60, 0x00007f5125fff0a8]

GC Heap History (10 events):
Event: 3.802 GC heap after
Heap after GC invocations=6 (full 0):
 PSYoungGen      total 265728K, used 5700K [0x00000000d7100000, 0x00000000e8100000, 0x0000000100000000)
  eden space 253952K, 0% used [0x00000000d7100000,0x00000000d7100000,0x00000000e6900000)
  from space 11776K, 48% used [0x00000000e7580000,0x00000000e7b11348,0x00000000e8100000)
  to   space 12288K, 0% used [0x00000000e6900000,0x00000000e6900000,0x00000000e7500000)
 ParOldGen       total 84992K, used 12876K [0x0000000085200000, 0x000000008a500000, 0x00000000d7100000)
  object space 84992K, 15% used [0x0000000085200000,0x0000000085e93010,0x000000008a500000)
 Metaspace       used 20893K, capacity 21204K, committed 21296K, reserved 1069056K
  class space    used 2560K, capacity 2661K, committed 2688K, reserved 1048576K
}
Event: 3.802 GC heap before
{Heap before GC invocations=7 (full 1):
 PSYoungGen      total 265728K, used 5700K [0x00000000d7100000, 0x00000000e8100000, 0x0000000100000000)
  eden space 253952K, 0% used [0x00000000d7100000,0x00000000d7100000,0x00000000e6900000)
  from space 11776K, 48% used [0x00000000e7580000,0x00000000e7b11348,0x00000000e8100000)
  to   space 12288K, 0% used [0x00000000e6900000,0x00000000e6900000,0x00000000e7500000)
 ParOldGen       total 84992K, used 12876K [0x0000000085200000, 0x000000008a500000, 0x00000000d7100000)
  object space 84992K, 15% used [0x0000000085200000,0x0000000085e93010,0x000000008a500000)
 Metaspace       used 20893K, capacity 21204K, committed 21296K, reserved 1069056K
  class space    used 2560K, capacity 2661K, committed 2688K, reserved 1048576K
Event: 3.859 GC heap after
Heap after GC invocations=7 (full 1):
 PSYoungGen      total 265728K, used 0K [0x00000000d7100000, 0x00000000e8100000, 0x0000000100000000)
  eden space 253952K, 0% used [0x00000000d7100000,0x00000000d7100000,0x00000000e6900000)
  from space 11776K, 0% used [0x00000000e7580000,0x00000000e7580000,0x00000000e8100000)
  to   space 12288K, 0% used [0x00000000e6900000,0x00000000e6900000,0x00000000e7500000)
 ParOldGen       total 54784K, used 8297K [0x0000000085200000, 0x0000000088780000, 0x00000000d7100000)
  object space 54784K, 15% used [0x0000000085200000,0x0000000085a1a5c8,0x0000000088780000)
 Metaspace       used 20893K, capacity 21204K, committed 21296K, reserved 1069056K
  class space    used 2560K, capacity 2661K, committed 2688K, reserved 1048576K
}
Event: 6.582 GC heap before
{Heap before GC invocations=8 (full 1):
 PSYoungGen      total 265728K, used 253952K [0x00000000d7100000, 0x00000000e8100000, 0x0000000100000000)
  eden space 253952K, 100% used [0x00000000d7100000,0x00000000e6900000,0x00000000e6900000)
  from space 11776K, 0% used [0x00000000e7580000,0x00000000e7580000,0x00000000e8100000)
  to   space 12288K, 0% used [0x00000000e6900000,0x00000000e6900000,0x00000000e7500000)
 ParOldGen       total 54784K, used 8297K [0x0000000085200000, 0x0000000088780000, 0x00000000d7100000)
  object space 54784K, 15% used [0x0000000085200000,0x0000000085a1a5c8,0x0000000088780000)
 Metaspace       used 31332K, capacity 31822K, committed 32128K, reserved 1077248K
  class space    used 3968K, capacity 4106K, committed 4224K, reserved 1048576K
Event: 6.608 GC heap after
Heap after GC invocations=8 (full 1):
 PSYoungGen      total 266240K, used 12277K [0x00000000d7100000, 0x00000000f3380000, 0x0000000100000000)
  eden space 253952K, 0% used [0x00000000d7100000,0x00000000d7100000,0x00000000e6900000)
  from space 12288K, 99% used [0x00000000e6900000,0x00000000e74fd768,0x00000000e7500000)
  to   space 15360K, 0% used [0x00000000f2480000,0x00000000f2480000,0x00000000f3380000)
 ParOldGen       total 54784K, used 10599K [0x0000000085200000, 0x0000000088780000, 0x00000000d7100000)
  object space 54784K, 19% used [0x0000000085200000,0x0000000085c59e08,0x0000000088780000)
 Metaspace       used 31332K, capacity 31822K, committed 32128K, reserved 1077248K
  class space    used 3968K, capacity 4106K, committed 4224K, reserved 1048576K
}
Event: 7.348 GC heap before
{Heap before GC invocations=9 (full 1):
 PSYoungGen      total 266240K, used 45187K [0x00000000d7100000, 0x00000000f3380000, 0x0000000100000000)
  eden space 253952K, 12% used [0x00000000d7100000,0x00000000d9123888,0x00000000e6900000)
  from space 12288K, 99% used [0x00000000e6900000,0x00000000e74fd768,0x00000000e7500000)
  to   space 15360K, 0% used [0x00000000f2480000,0x00000000f2480000,0x00000000f3380000)
 ParOldGen       total 54784K, used 10599K [0x0000000085200000, 0x0000000088780000, 0x00000000d7100000)
  object space 54784K, 19% used [0x0000000085200000,0x0000000085c59e08,0x0000000088780000)
 Metaspace       used 34827K, capacity 35256K, committed 35456K, reserved 1081344K
  class space    used 4322K, capacity 4433K, committed 4480K, reserved 1048576K
Event: 7.379 GC heap after
Heap after GC invocations=9 (full 1):
 PSYoungGen      total 444928K, used 12770K [0x00000000d7100000, 0x00000000f3800000, 0x0000000100000000)
  eden space 429568K, 0% used [0x00000000d7100000,0x00000000d7100000,0x00000000f1480000)
  from space 15360K, 83% used [0x00000000f2480000,0x00000000f30f8b60,0x00000000f3380000)
  to   space 16384K, 0% used [0x00000000f1480000,0x00000000f1480000,0x00000000f2480000)
 ParOldGen       total 54784K, used 10607K [0x0000000085200000, 0x0000000088780000, 0x00000000d7100000)
  object space 54784K, 19% used [0x0000000085200000,0x0000000085c5be08,0x0000000088780000)
 Metaspace       used 34827K, capacity 35256K, committed 35456K, reserved 1081344K
  class space    used 4322K, capacity 4433K, committed 4480K, reserved 1048576K
}
Event: 7.379 GC heap before
{Heap before GC invocations=10 (full 2):
 PSYoungGen      total 444928K, used 12770K [0x00000000d7100000, 0x00000000f3800000, 0x0000000100000000)
  eden space 429568K, 0% used [0x00000000d7100000,0x00000000d7100000,0x00000000f1480000)
  from space 15360K, 83% used [0x00000000f2480000,0x00000000f30f8b60,0x00000000f3380000)
  to   space 16384K, 0% used [0x00000000f1480000,0x00000000f1480000,0x00000000f2480000)
 ParOldGen       total 54784K, used 10607K [0x0000000085200000, 0x0000000088780000, 0x00000000d7100000)
  object space 54784K, 19% used [0x0000000085200000,0x0000000085c5be08,0x0000000088780000)
 Metaspace       used 34827K, capacity 35256K, committed 35456K, reserved 1081344K
  class space    used 4322K, capacity 4433K, committed 4480K, reserved 1048576K
Event: 7.460 GC heap after
Heap after GC invocations=10 (full 2):
 PSYoungGen      total 444928K, used 0K [0x00000000d7100000, 0x00000000f3800000, 0x0000000100000000)
  eden space 429568K, 0% used [0x00000000d7100000,0x00000000d7100000,0x00000000f1480000)
  from space 15360K, 0% used [0x00000000f2480000,0x00000000f2480000,0x00000000f3380000)
  to   space 16384K, 0% used [0x00000000f1480000,0x00000000f1480000,0x00000000f2480000)
 ParOldGen       total 80896K, used 20334K [0x0000000085200000, 0x000000008a100000, 0x00000000d7100000)
  object space 80896K, 25% used [0x0000000085200000,0x00000000865db928,0x000000008a100000)
 Metaspace       used 34827K, capacity 35256K, committed 35456K, reserved 1081344K
  class space    used 4322K, capacity 4433K, committed 4480K, reserved 1048576K
}
Event: 12.125 GC heap before
{Heap before GC invocations=11 (full 2):
 PSYoungGen      total 444928K, used 429568K [0x00000000d7100000, 0x00000000f3800000, 0x0000000100000000)
  eden space 429568K, 100% used [0x00000000d7100000,0x00000000f1480000,0x00000000f1480000)
  from space 15360K, 0% used [0x00000000f2480000,0x00000000f2480000,0x00000000f3380000)
  to   space 16384K, 0% used [0x00000000f1480000,0x00000000f1480000,0x00000000f2480000)
 ParOldGen       total 80896K, used 20334K [0x0000000085200000, 0x000000008a100000, 0x00000000d7100000)
  object space 80896K, 25% used [0x0000000085200000,0x00000000865db928,0x000000008a100000)
 Metaspace       used 52194K, capacity 52758K, committed 53248K, reserved 1095680K
  class space    used 6760K, capacity 6912K, committed 6912K, reserved 1048576K

Deoptimization events (10 events):
Event: 9.398 Thread 0x00007f50e0002000 Uncommon trap: reason=unstable_if action=reinterpret pc=0x00007f51251720e0 method=java.lang.CharacterData.of(I)Ljava/lang/CharacterData; @ 4
Event: 9.501 Thread 0x00007f50e0002000 Uncommon trap: reason=unstable_if action=reinterpret pc=0x00007f51253d0828 method=java.lang.String.indexOf([CII[CIII)I @ 27
Event: 9.501 Thread 0x00007f50e0002000 Uncommon trap: reason=unstable_if action=reinterpret pc=0x00007f512545158c method=java.lang.String.indexOf([CII[CIII)I @ 27
Event: 9.714 Thread 0x00007f50e0002000 Uncommon trap: reason=unstable_if action=reinterpret pc=0x00007f5125beaf7c method=java.util.concurrent.ConcurrentHashMap.putVal(Ljava/lang/Object;Ljava/lang/Object;Z)Ljava/lang/Object; @ 331
Event: 9.718 Thread 0x00007f50e0002000 Uncommon trap: reason=unstable_if action=reinterpret pc=0x00007f5125bfe114 method=java.util.concurrent.ConcurrentHashMap.get(Ljava/lang/Object;)Ljava/lang/Object; @ 86
Event: 10.623 Thread 0x00007f50e0002000 Uncommon trap: reason=unstable_if action=reinterpret pc=0x00007f512547961c method=java.lang.ClassLoader.preDefineClass(Ljava/lang/String;Ljava/security/ProtectionDomain;)Ljava/security/ProtectionDomain; @ 86
Event: 10.623 Thread 0x00007f50e0002000 Uncommon trap: reason=unstable_if action=reinterpret pc=0x00007f51251b8ee8 method=java.lang.ClassLoader.defineClassSourceLocation(Ljava/security/ProtectionDomain;)Ljava/lang/String; @ 15
Event: 11.172 Thread 0x00007f50e0002000 Uncommon trap: reason=unstable_if action=reinterpret pc=0x00007f512510cec0 method=java.util.Arrays$ArrayList.indexOf(Ljava/lang/Object;)I @ 6
Event: 12.024 Thread 0x00007f50e0002000 Uncommon trap: reason=unstable_if action=reinterpret pc=0x00007f51257e2f40 method=java.util.concurrent.ConcurrentHashMap.transfer([Ljava/util/concurrent/ConcurrentHashMap$Node;[Ljava/util/concurrent/ConcurrentHashMap$Node;)V @ 356
Event: 12.025 Thread 0x00007f50e0002000 Uncommon trap: reason=unstable_if action=reinterpret pc=0x00007f51257d32f4 method=java.util.concurrent.ConcurrentHashMap.transfer([Ljava/util/concurrent/ConcurrentHashMap$Node;[Ljava/util/concurrent/ConcurrentHashMap$Node;)V @ 356

Classes redefined (0 events):
No events

Internal exceptions (10 events):
Event: 12.099 Thread 0x00007f50e0002000 Exception <a 'java/lang/ClassNotFoundException': org/springframework/boot/autoconfigure/jdbc/DataSourceAutoConfiguration$PooledDataSourceConfiguration$$EnhancerBySpringCGLIB$$4c9b303bCustomizer> (0x00000000f1214598) thrown at [/HUDSON/workspace/8-2-build-
Event: 12.100 Thread 0x00007f50e0002000 Exception <a 'java/lang/ClassNotFoundException': org/springframework/context/annotation/ConfigurationClassEnhancer$EnhancedConfigurationCustomizer> (0x00000000f1243440) thrown at [/HUDSON/workspace/8-2-build-linux-amd64/jdk8u161/10277/hotspot/src/share/vm
Event: 12.102 Thread 0x00007f50e0002000 Exception <a 'java/lang/ClassNotFoundException': java/lang/ObjectCustomizer> (0x00000000f1259678) thrown at [/HUDSON/workspace/8-2-build-linux-amd64/jdk8u161/10277/hotspot/src/share/vm/classfile/systemDictionary.cpp, line 210]
Event: 12.103 Thread 0x00007f50e0002000 Exception <a 'java/lang/ClassNotFoundException': org/springframework/boot/autoconfigure/jdbc/metadata/DataSourcePoolMetadataProvidersConfigurationCustomizer> (0x00000000f12897c8) thrown at [/HUDSON/workspace/8-2-build-linux-amd64/jdk8u161/10277/hotspot/sr
Event: 12.105 Thread 0x00007f50e0002000 Exception <a 'java/lang/ClassNotFoundException': org/springframework/boot/autoconfigure/jdbc/metadata/DataSourcePoolMetadataProvidersConfiguration$$EnhancerBySpringCGLIB$$aae8278aCustomizer> (0x00000000f12c16c8) thrown at [/HUDSON/workspace/8-2-build-linu
Event: 12.106 Thread 0x00007f50e0002000 Exception <a 'java/lang/ClassNotFoundException': org/springframework/context/annotation/ConfigurationClassEnhancer$EnhancedConfigurationCustomizer> (0x00000000f12f0618) thrown at [/HUDSON/workspace/8-2-build-linux-amd64/jdk8u161/10277/hotspot/src/share/vm
Event: 12.108 Thread 0x00007f50e0002000 Exception <a 'java/lang/ClassNotFoundException': java/lang/ObjectCustomizer> (0x00000000f1305ce0) thrown at [/HUDSON/workspace/8-2-build-linux-amd64/jdk8u161/10277/hotspot/src/share/vm/classfile/systemDictionary.cpp, line 210]
Event: 12.108 Thread 0x00007f50e0002000 Exception <a 'java/lang/ClassNotFoundException': org/springframework/boot/autoconfigure/orm/jpa/JpaBaseConfiguration$JpaWebConfigurationCustomizer> (0x00000000f13321d0) thrown at [/HUDSON/workspace/8-2-build-linux-amd64/jdk8u161/10277/hotspot/src/share/vm
Event: 12.109 Thread 0x00007f50e0002000 Exception <a 'java/lang/ClassNotFoundException': org/springframework/boot/autoconfigure/orm/jpa/JpaBaseConfiguration$JpaWebConfiguration$$EnhancerBySpringCGLIB$$3c13dc94Customizer> (0x00000000f13663c8) thrown at [/HUDSON/workspace/8-2-build-linux-amd64/jd
Event: 12.110 Thread 0x00007f50e0002000 Exception <a 'java/lang/ClassNotFoundException': org/springframework/context/annotation/ConfigurationClassEnhancer$EnhancedConfigurationCustomizer> (0x00000000f1395110) thrown at [/HUDSON/workspace/8-2-build-linux-amd64/jdk8u161/10277/hotspot/src/share/vm

Events (10 events):
Event: 12.120 loading class org/springframework/transaction/support/AbstractTransactionStatus done
Event: 12.121 loading class org/springframework/orm/jpa/JpaTransactionManager$JpaTransactionObject
Event: 12.121 loading class org/springframework/orm/jpa/JpaTransactionManager$JpaTransactionObject done
Event: 12.122 loading class org/springframework/jdbc/datasource/JdbcTransactionObjectSupport
Event: 12.122 loading class org/springframework/jdbc/datasource/JdbcTransactionObjectSupport done
Event: 12.123 loading class org/springframework/transaction/support/SmartTransactionObject
Event: 12.123 loading class org/springframework/transaction/support/SmartTransactionObject done
Event: 12.124 loading class org/springframework/transaction/support/AbstractPlatformTransactionManager$SuspendedResourcesHolder
Event: 12.124 loading class org/springframework/transaction/support/AbstractPlatformTransactionManager$SuspendedResourcesHolder done
Event: 12.125 Executing VM operation: ParallelGCFailedAllocation


Dynamic libraries:
00400000-00401000 r-xp 00000000 08:02 737701                             /usr/lib/jvm/java-8-oracle/bin/java
00600000-00601000 rw-p 00000000 08:02 737701                             /usr/lib/jvm/java-8-oracle/bin/java
00f81000-00fa2000 rw-p 00000000 00:00 0                                  [heap]
85200000-8a100000 rw-p 00000000 00:00 0 
8a100000-d7100000 ---p 00000000 00:00 0 
d7100000-f3800000 rw-p 00000000 00:00 0 
fdf80000-100000000 ---p 00000000 00:00 0 
100000000-1006c0000 rw-p 00000000 00:00 0 
1006c0000-140000000 ---p 00000000 00:00 0 
7f50b0000000-7f50b0021000 rw-p 00000000 00:00 0 
7f50b0021000-7f50b4000000 ---p 00000000 00:00 0 
7f50b4000000-7f50b4021000 rw-p 00000000 00:00 0 
7f50b4021000-7f50b8000000 ---p 00000000 00:00 0 
7f50b8000000-7f50b8021000 rw-p 00000000 00:00 0 
7f50b8021000-7f50bc000000 ---p 00000000 00:00 0 
7f50bc000000-7f50bc021000 rw-p 00000000 00:00 0 
7f50bc021000-7f50c0000000 ---p 00000000 00:00 0 
7f50c0000000-7f50c0021000 rw-p 00000000 00:00 0 
7f50c0021000-7f50c4000000 ---p 00000000 00:00 0 
7f50c4000000-7f50c4021000 rw-p 00000000 00:00 0 
7f50c4021000-7f50c8000000 ---p 00000000 00:00 0 
7f50c8000000-7f50c8021000 rw-p 00000000 00:00 0 
7f50c8021000-7f50cc000000 ---p 00000000 00:00 0 
7f50cc000000-7f50cc021000 rw-p 00000000 00:00 0 
7f50cc021000-7f50d0000000 ---p 00000000 00:00 0 
7f50d0000000-7f50d0021000 rw-p 00000000 00:00 0 
7f50d0021000-7f50d4000000 ---p 00000000 00:00 0 
7f50d4000000-7f50d4021000 rw-p 00000000 00:00 0 
7f50d4021000-7f50d8000000 ---p 00000000 00:00 0 
7f50d8000000-7f50d8200000 rw-p 00000000 00:00 0 
7f50d8200000-7f50dc000000 ---p 00000000 00:00 0 
7f50dc5ff000-7f50dc73f000 rw-p 00000000 00:00 0 
7f50dc73f000-7f50dc7ff000 ---p 00000000 00:00 0 
7f50dc7ff000-7f50dc9ff000 rw-p 00000000 00:00 0 
7f50dc9ff000-7f50dcbff000 rw-p 00000000 00:00 0 
7f50dcbff000-7f50dcdff000 rw-p 00000000 00:00 0 
7f50dcdff000-7f50dcfff000 rw-p 00000000 00:00 0 
7f50dcfff000-7f50e0000000 rw-p 00000000 00:00 0 
7f50e0000000-7f50e0021000 rw-p 00000000 00:00 0 
7f50e0021000-7f50e4000000 ---p 00000000 00:00 0 
7f50e4000000-7f50e54a3000 rw-p 00000000 00:00 0 
7f50e54a3000-7f50e8000000 ---p 00000000 00:00 0 
7f50e8000000-7f50e8021000 rw-p 00000000 00:00 0 
7f50e8021000-7f50ec000000 ---p 00000000 00:00 0 
7f50ec000000-7f50ec021000 rw-p 00000000 00:00 0 
7f50ec021000-7f50f0000000 ---p 00000000 00:00 0 
7f50f0000000-7f50f21c4000 rw-p 00000000 00:00 0 
7f50f21c4000-7f50f4000000 ---p 00000000 00:00 0 
7f50f4000000-7f50f4f89000 rw-p 00000000 00:00 0 
7f50f4f89000-7f50f8000000 ---p 00000000 00:00 0 
7f50f8000000-7f50f8021000 rw-p 00000000 00:00 0 
7f50f8021000-7f50fc000000 ---p 00000000 00:00 0 
7f50fc000000-7f50fdbd4000 rw-p 00000000 00:00 0 
7f50fdbd4000-7f5100000000 ---p 00000000 00:00 0 
7f5100000000-7f5100021000 rw-p 00000000 00:00 0 
7f5100021000-7f5104000000 ---p 00000000 00:00 0 
7f5104000000-7f5104021000 rw-p 00000000 00:00 0 
7f5104021000-7f5108000000 ---p 00000000 00:00 0 
7f5108000000-7f51082e2000 rw-p 00000000 00:00 0 
7f51082e2000-7f510c000000 ---p 00000000 00:00 0 
7f510c1d2000-7f510c3d2000 rw-p 00000000 00:00 0 
7f510c3d2000-7f510c5d2000 rw-p 00000000 00:00 0 
7f510c5d2000-7f510c7d2000 rw-p 00000000 00:00 0 
7f510c7d2000-7f510c9d2000 rw-p 00000000 00:00 0 
7f510c9d2000-7f510c9d5000 ---p 00000000 00:00 0 
7f510c9d5000-7f510cad3000 rw-p 00000000 00:00 0 
7f510cad3000-7f510cad6000 ---p 00000000 00:00 0 
7f510cad6000-7f510cdd4000 rw-p 00000000 00:00 0 
7f510cdd4000-7f510cdd7000 ---p 00000000 00:00 0 
7f510cdd7000-7f510ced5000 rw-p 00000000 00:00 0 
7f510ced5000-7f510ced8000 ---p 00000000 00:00 0 
7f510ced8000-7f510cfd6000 rw-p 00000000 00:00 0 
7f510cfd6000-7f510cfd9000 ---p 00000000 00:00 0 
7f510cfd9000-7f510d0d7000 rw-p 00000000 00:00 0 
7f510d0d7000-7f510d0da000 ---p 00000000 00:00 0 
7f510d0da000-7f510d1d8000 rw-p 00000000 00:00 0 
7f510d1d8000-7f510d1db000 ---p 00000000 00:00 0 
7f510d1db000-7f510d2d9000 rw-p 00000000 00:00 0 
7f510d2d9000-7f510d2dc000 ---p 00000000 00:00 0 
7f510d2dc000-7f510d3da000 rw-p 00000000 00:00 0 
7f510d3da000-7f510d3dd000 ---p 00000000 00:00 0 
7f510d3dd000-7f510d4db000 rw-p 00000000 00:00 0 
7f510d4db000-7f510d4de000 ---p 00000000 00:00 0 
7f510d4de000-7f510d7dc000 rw-p 00000000 00:00 0 
7f510d7dc000-7f510d7ed000 r-xp 00000000 08:02 863634                     /usr/lib/jvm/java-8-oracle/jre/lib/amd64/libnio.so
7f510d7ed000-7f510d9ec000 ---p 00011000 08:02 863634                     /usr/lib/jvm/java-8-oracle/jre/lib/amd64/libnio.so
7f510d9ec000-7f510d9ed000 rw-p 00010000 08:02 863634                     /usr/lib/jvm/java-8-oracle/jre/lib/amd64/libnio.so
7f510d9ed000-7f510dbed000 rw-p 00000000 00:00 0 
7f510dbed000-7f510dded000 rw-p 00000000 00:00 0 
7f510de74000-7f510de79000 r--s 002f9000 08:02 863294                     /usr/lib/jvm/java-8-oracle/jre/lib/charsets.jar
7f510de79000-7f510de7c000 r--s 0001a000 08:02 863647                     /usr/lib/jvm/java-8-oracle/jre/lib/jce.jar
7f510de7c000-7f510de81000 r--s 0009d000 08:02 863398                     /usr/lib/jvm/java-8-oracle/jre/lib/jsse.jar
7f510de81000-7f510e081000 rw-p 00000000 00:00 0 
7f510e081000-7f510e281000 rw-p 00000000 00:00 0 
7f510e281000-7f510e481000 rw-p 00000000 00:00 0 
7f510e481000-7f510e681000 rw-p 00000000 00:00 0 
7f510e681000-7f510e881000 rw-p 00000000 00:00 0 
7f510e881000-7f510ea81000 rw-p 00000000 00:00 0 
7f510ea81000-7f510ea84000 ---p 00000000 00:00 0 
7f510ea84000-7f510eb82000 rw-p 00000000 00:00 0 
7f510eb82000-7f510eb98000 r-xp 00000000 08:02 863631                     /usr/lib/jvm/java-8-oracle/jre/lib/amd64/libnet.so
7f510eb98000-7f510ed98000 ---p 00016000 08:02 863631                     /usr/lib/jvm/java-8-oracle/jre/lib/amd64/libnet.so
7f510ed98000-7f510ed99000 rw-p 00016000 08:02 863631                     /usr/lib/jvm/java-8-oracle/jre/lib/amd64/libnet.so
7f510ed99000-7f510eda2000 r-xp 00000000 08:02 863639                     /usr/lib/jvm/java-8-oracle/jre/lib/amd64/libmanagement.so
7f510eda2000-7f510efa1000 ---p 00009000 08:02 863639                     /usr/lib/jvm/java-8-oracle/jre/lib/amd64/libmanagement.so
7f510efa1000-7f510efa2000 rw-p 00008000 08:02 863639                     /usr/lib/jvm/java-8-oracle/jre/lib/amd64/libmanagement.so
7f510efa2000-7f510efa5000 ---p 00000000 00:00 0 
7f510efa5000-7f510f0a3000 rw-p 00000000 00:00 0 
7f510f0a3000-7f510f0a6000 ---p 00000000 00:00 0 
7f510f0a6000-7f510f1a4000 rw-p 00000000 00:00 0 
7f510f1a4000-7f510f1ae000 r--s 00116000 08:02 863417                     /usr/lib/jvm/java-8-oracle/jre/lib/ext/localedata.jar
7f510f1ae000-7f510f1b5000 r--s 00000000 08:02 680713                     /usr/lib/x86_64-linux-gnu/gconv/gconv-modules.cache
7f510f1b5000-7f510f1d6000 r--p 00000000 08:02 960304                     /usr/share/locale-langpack/pt_BR/LC_MESSAGES/libc.mo
7f510f1d6000-7f510f1f6000 r--s 000e6000 08:02 304768                     /home/cflima/.m2/repository/org/springframework/boot/spring-boot-autoconfigure/1.5.8.RELEASE/spring-boot-autoconfigure-1.5.8.RELEASE.jar
7f510f1f6000-7f510f206000 r--s 00095000 08:02 304766                     /home/cflima/.m2/repository/org/springframework/boot/spring-boot/1.5.8.RELEASE/spring-boot-1.5.8.RELEASE.jar
7f510f206000-7f510f20c000 r--s 0002f000 08:02 313588                     /home/cflima/.m2/repository/org/springframework/boot/spring-boot-devtools/1.5.8.RELEASE/spring-boot-devtools-1.5.8.RELEASE.jar
7f510f20c000-7f510f216000 r--s 000eb000 08:02 313586                     /home/cflima/.m2/repository/mysql/mysql-connector-java/5.1.44/mysql-connector-java-5.1.44.jar
7f510f216000-7f510f219000 r--s 0000c000 08:02 313584                     /home/cflima/.m2/repository/org/springframework/spring-aspects/4.3.12.RELEASE/spring-aspects-4.3.12.RELEASE.jar
7f510f219000-7f510f21b000 r--s 00003000 08:02 304764                     /home/cflima/.m2/repository/org/slf4j/jcl-over-slf4j/1.7.25/jcl-over-slf4j-1.7.25.jar
7f510f21b000-7f510f223000 r--s 0003a000 08:02 304762                     /home/cflima/.m2/repository/org/springframework/spring-tx/4.3.12.RELEASE/spring-tx-4.3.12.RELEASE.jar
7f510f223000-7f510f22d000 r--s 0006b000 08:02 313582                     /home/cflima/.m2/repository/org/springframework/spring-orm/4.3.12.RELEASE/spring-orm-4.3.12.RELEASE.jar
7f510f22d000-7f510f240000 r--s 000ad000 08:02 313580                     /home/cflima/.m2/repository/org/springframework/data/spring-data-commons/1.13.8.RELEASE/spring-data-commons-1.13.8.RELEASE.jar
7f510f240000-7f510f247000 r--s 00041000 08:02 313578                     /home/cflima/.m2/repository/org/springframework/data/spring-data-jpa/1.11.8.RELEASE/spring-data-jpa-1.11.8.RELEASE.jar
7f510f247000-7f510f249000 r--s 00006000 08:02 313576                     /home/cflima/.m2/repository/javax/transaction/javax.transaction-api/1.2/javax.transaction-api-1.2.jar
7f510f249000-7f510f256000 r--s 00089000 08:02 313574                     /home/cflima/.m2/repository/org/hibernate/hibernate-entitymanager/5.0.12.Final/hibernate-entitymanager-5.0.12.Final.jar
7f510f256000-7f510f259000 r--s 00010000 08:02 313572                     /home/cflima/.m2/repository/org/hibernate/common/hibernate-commons-annotations/5.0.1.Final/hibernate-commons-annotations-5.0.1.Final.jar
7f510f259000-7f510f25e000 r--s 00016000 08:02 313570                     /home/cflima/.m2/repository/xml-apis/xml-apis/1.0.b2/xml-apis-1.0.b2.jar
7f510f25e000-7f510f263000 r--s 00048000 08:02 313568                     /home/cflima/.m2/repository/dom4j/dom4j/1.6.1/dom4j-1.6.1.jar
7f510f263000-7f510f266000 r--s 0002b000 08:02 304760                     /home/cflima/.m2/repository/org/jboss/jandex/2.0.0.Final/jandex-2.0.0.Final.jar
7f510f266000-7f510f26b000 r--s 00068000 08:02 304758                     /home/cflima/.m2/repository/antlr/antlr/2.7.7/antlr-2.7.7.jar
7f510f26b000-7f510f275000 r--s 000a5000 08:02 304756                     /home/cflima/.m2/repository/org/javassist/javassist/3.18.1-GA/javassist-3.18.1-GA.jar
7f510f275000-7f510f27a000 r--s 00017000 08:02 304754                     /home/cflima/.m2/repository/org/hibernate/javax/persistence/hibernate-jpa-2.1-api/1.0.0.Final/hibernate-jpa-2.1-api-1.0.0.Final.jar
7f510f27a000-7f510f2e3000 r--s 004f3000 08:02 304752                     /home/cflima/.m2/repository/org/hibernate/hibernate-core/5.0.12.Final/hibernate-core-5.0.12.Final.jar
7f510f2e3000-7f510f2ed000 r--s 0005f000 08:02 304750                     /home/cflima/.m2/repository/org/springframework/spring-jdbc/4.3.12.RELEASE/spring-jdbc-4.3.12.RELEASE.jar
7f510f2ed000-7f510f2ee000 r--s 0000b000 08:02 304748                     /home/cflima/.m2/repository/org/apache/tomcat/tomcat-juli/8.5.23/tomcat-juli-8.5.23.jar
7f510f2ee000-7f510f2f1000 r--s 00021000 08:02 304746                     /home/cflima/.m2/repository/org/apache/tomcat/tomcat-jdbc/8.5.23/tomcat-jdbc-8.5.23.jar
7f510f2f1000-7f510f2f2000 r--s 00000000 08:02 304744                     /home/cflima/.m2/repository/org/springframework/boot/spring-boot-starter-jdbc/1.5.8.RELEASE/spring-boot-starter-jdbc-1.5.8.RELEASE.jar
7f510f2f2000-7f510f30a000 r--s 001bf000 08:02 304742                     /home/cflima/.m2/repository/org/aspectj/aspectjweaver/1.8.11/aspectjweaver-1.8.11.jar
7f510f30a000-7f510f30b000 r--s 00000000 08:02 304740                     /home/cflima/.m2/repository/org/springframework/boot/spring-boot-starter-aop/1.5.8.RELEASE/spring-boot-starter-aop-1.5.8.RELEASE.jar
7f510f30b000-7f510f30c000 r--s 00000000 08:02 304738                     /home/cflima/.m2/repository/org/springframework/boot/spring-boot-starter-data-jpa/1.5.8.RELEASE/spring-boot-starter-data-jpa-1.5.8.RELEASE.jar
7f510f30c000-7f510f359000 r--s 00407000 08:02 304736                     /home/cflima/.m2/repository/org/codehaus/groovy/groovy/2.4.3/groovy-2.4.3.jar
7f510f359000-7f510f35c000 r--s 0001a000 08:02 304734                     /home/cflima/.m2/repository/nz/net/ultraq/thymeleaf/thymeleaf-layout-dialect/1.4.0/thymeleaf-layout-dialect-1.4.0.jar
7f510f35c000-7f510f35e000 r--s 00005000 08:02 304732                     /home/cflima/.m2/repository/org/slf4j/slf4j-api/1.6.6/slf4j-api-1.6.6.jar
7f510f35e000-7f510f361000 r--s 00020000 08:02 304730                     /home/cflima/.m2/repository/org/unbescape/unbescape/1.1.0.RELEASE/unbescape-1.1.0.RELEASE.jar
7f510f361000-7f510f364000 r--s 00035000 08:02 304728                     /home/cflima/.m2/repository/ognl/ognl/3.0.8/ognl-3.0.8.jar
7f510f364000-7f510f371000 r--s 000b7000 08:02 304726                     /home/cflima/.m2/repository/org/thymeleaf/thymeleaf/2.1.5.RELEASE/thymeleaf-2.1.5.RELEASE.jar
7f510f371000-7f510f374000 r--s 00034000 08:02 304724                     /home/cflima/.m2/repository/org/thymeleaf/thymeleaf-spring4/2.1.5.RELEASE/thymeleaf-spring4-2.1.5.RELEASE.jar
7f510f374000-7f510f375000 r--s 00000000 08:02 304722                     /home/cflima/.m2/repository/org/springframework/boot/spring-boot-starter-thymeleaf/1.5.8.RELEASE/spring-boot-starter-thymeleaf-1.5.8.RELEASE.jar
7f510f375000-7f510f379000 r--s 00037000 08:02 304720                     /home/cflima/.m2/repository/org/mortbay/jasper/apache-el/8.0.33/apache-el-8.0.33.jar
7f510f379000-7f510f37b000 r--s 00007000 08:02 304718                     /home/cflima/.m2/repository/javax/websocket/javax.websocket-api/1.0/javax.websocket-api-1.0.jar
7f510f37b000-7f510f380000 r--s 00023000 08:02 304716                     /home/cflima/.m2/repository/org/eclipse/jetty/websocket/javax-websocket-client-impl/9.4.7.v20170914/javax-websocket-client-impl-9.4.7.v20170914.jar
7f510f380000-7f510f382000 r--s 00006000 08:02 304714                     /home/cflima/.m2/repository/org/ow2/asm/asm-tree/5.1/asm-tree-5.1.jar
7f510f382000-7f510f384000 r--s 0000a000 08:02 304712                     /home/cflima/.m2/repository/org/ow2/asm/asm-commons/5.1/asm-commons-5.1.jar
7f510f384000-7f510f386000 r--s 0000c000 08:02 304710                     /home/cflima/.m2/repository/org/ow2/asm/asm/5.1/asm-5.1.jar
7f510f386000-7f510f388000 r--s 00005000 08:02 304708                     /home/cflima/.m2/repository/javax/annotation/javax.annotation-api/1.2/javax.annotation-api-1.2.jar
7f510f388000-7f510f38a000 r--s 0000c000 08:02 304706                     /home/cflima/.m2/repository/org/eclipse/jetty/jetty-plus/9.4.7.v20170914/jetty-plus-9.4.7.v20170914.jar
7f510f38a000-7f510f38d000 r--s 00011000 08:02 304704                     /home/cflima/.m2/repository/org/eclipse/jetty/jetty-annotations/9.4.7.v20170914/jetty-annotations-9.4.7.v20170914.jar
7f510f38d000-7f510f38e000 r--s 00008000 08:02 304702                     /home/cflima/.m2/repository/org/eclipse/jetty/websocket/javax-websocket-server-impl/9.4.7.v20170914/javax-websocket-server-impl-9.4.7.v20170914.jar
7f510f38e000-7f510f391000 r--s 00015000 08:02 304700                     /home/cflima/.m2/repository/javax/servlet/javax.servlet-api/3.1.0/javax.servlet-api-3.1.0.jar
7f510f391000-7f510f393000 r--s 00004000 08:02 304698                     /home/cflima/.m2/repository/org/eclipse/jetty/websocket/websocket-servlet/9.4.7.v20170914/websocket-servlet-9.4.7.v20170914.jar
7f510f393000-7f510f399000 r--s 0003c000 08:02 304696                     /home/cflima/.m2/repository/org/eclipse/jetty/jetty-client/9.4.7.v20170914/jetty-client-9.4.7.v20170914.jar
7f510f399000-7f510f39b000 r--s 00007000 08:02 304694                     /home/cflima/.m2/repository/org/eclipse/jetty/websocket/websocket-client/9.4.7.v20170914/websocket-client-9.4.7.v20170914.jar
7f510f39b000-7f510f39e000 r--s 00008000 08:02 304692                     /home/cflima/.m2/repository/org/eclipse/jetty/websocket/websocket-api/9.4.7.v20170914/websocket-api-9.4.7.v20170914.jar
7f510f39e000-7f510f3a3000 r--s 0002c000 08:02 304690                     /home/cflima/.m2/repository/org/eclipse/jetty/websocket/websocket-common/9.4.7.v20170914/websocket-common-9.4.7.v20170914.jar
7f510f3a3000-7f510f3a5000 r--s 00007000 08:02 304688                     /home/cflima/.m2/repository/org/eclipse/jetty/websocket/websocket-server/9.4.7.v20170914/websocket-server-9.4.7.v20170914.jar
7f510f3a5000-7f510f3ad000 r--s 00086000 08:02 304686                     /home/cflima/.m2/repository/org/eclipse/jetty/jetty-server/9.4.7.v20170914/jetty-server-9.4.7.v20170914.jar
7f510f3ad000-7f510f3af000 r--s 00015000 08:02 304684                     /home/cflima/.m2/repository/org/eclipse/jetty/jetty-security/9.4.7.v20170914/jetty-security-9.4.7.v20170914.jar
7f510f3af000-7f510f3b1000 r--s 00019000 08:02 304682                     /home/cflima/.m2/repository/org/eclipse/jetty/jetty-servlet/9.4.7.v20170914/jetty-servlet-9.4.7.v20170914.jar
7f510f3b1000-7f510f3b3000 r--s 0001d000 08:02 304678                     /home/cflima/.m2/repository/org/eclipse/jetty/jetty-webapp/9.4.7.v20170914/jetty-webapp-9.4.7.v20170914.jar
7f510f3b3000-7f510f3b6000 r--s 0001d000 08:02 304676                     /home/cflima/.m2/repository/org/eclipse/jetty/jetty-io/9.4.7.v20170914/jetty-io-9.4.7.v20170914.jar
7f510f3b6000-7f510f3be000 r--s 0006a000 08:02 304674                     /home/cflima/.m2/repository/org/eclipse/jetty/jetty-util/9.4.7.v20170914/jetty-util-9.4.7.v20170914.jar
7f510f3be000-7f510f3c1000 r--s 00026000 08:02 304672                     /home/cflima/.m2/repository/org/eclipse/jetty/jetty-http/9.4.7.v20170914/jetty-http-9.4.7.v20170914.jar
7f510f3c1000-7f510f3c3000 r--s 00003000 08:02 304670                     /home/cflima/.m2/repository/org/eclipse/jetty/jetty-continuation/9.4.7.v20170914/jetty-continuation-9.4.7.v20170914.jar
7f510f3c3000-7f510f3c5000 r--s 00015000 08:02 304668                     /home/cflima/.m2/repository/org/eclipse/jetty/jetty-servlets/9.4.7.v20170914/jetty-servlets-9.4.7.v20170914.jar
7f510f3c5000-7f510f3d5000 r--s 00079000 08:02 304664                     /home/cflima/.m2/repository/org/springframework/boot/spring-boot-actuator/1.5.8.RELEASE/spring-boot-actuator-1.5.8.RELEASE.jar
7f510f3d5000-7f510f3e0000 r--s 00053000 08:02 418490                     /home/cflima/.m2/repository/org/springframework/security/spring-security-web/4.2.3.RELEASE/spring-security-web-4.2.3.RELEASE.jar
7f510f3e0000-7f510f3ec000 r--s 00056000 08:02 418489                     /home/cflima/.m2/repository/org/springframework/security/spring-security-core/4.2.3.RELEASE/spring-security-core-4.2.3.RELEASE.jar
7f510f3ec000-7f510f3f6000 r--s 00086000 08:02 403759                     /home/cflima/.m2/repository/org/springframework/security/spring-security-config/4.2.3.RELEASE/spring-security-config-4.2.3.RELEASE.jar
7f510f3f6000-7f510f3ff000 r--s 00054000 08:02 304645                     /home/cflima/.m2/repository/org/springframework/spring-aop/4.3.12.RELEASE/spring-aop-4.3.12.RELEASE.jar
7f510f3ff000-7f510f404000 r--s 0003c000 08:02 304660                     /home/cflima/.m2/repository/org/springframework/spring-expression/4.3.12.RELEASE/spring-expression-4.3.12.RELEASE.jar
7f510f404000-7f510f41d000 r--s 000fe000 08:02 304649                     /home/cflima/.m2/repository/org/springframework/spring-context/4.3.12.RELEASE/spring-context-4.3.12.RELEASE.jar
7f510f41d000-7f510f41e000 ---p 00000000 00:00 0 
7f510f41e000-7f510f51e000 rw-p 00000000 00:00 0 
7f510f51e000-7f510f521000 ---p 00000000 00:00 0 
7f510f521000-7f510f61f000 rw-p 00000000 00:00 0 
7f510f61f000-7f510f622000 ---p 00000000 00:00 0 
7f510f622000-7f510f720000 rw-p 00000000 00:00 0 
7f510f720000-7f510f723000 ---p 00000000 00:00 0 
7f510f723000-7f510f821000 rw-p 00000000 00:00 0 
7f510f821000-7f510f824000 ---p 00000000 00:00 0 
7f510f824000-7f510f922000 rw-p 00000000 00:00 0 
7f510f922000-7f510f925000 ---p 00000000 00:00 0 
7f510f925000-7f510fa23000 rw-p 00000000 00:00 0 
7f510fa23000-7f510fcfd000 r--p 00000000 08:02 650877                     /usr/lib/locale/locale-archive
7f510fcfd000-7f510fd00000 ---p 00000000 00:00 0 
7f510fd00000-7f510fdfe000 rw-p 00000000 00:00 0 
7f510fdfe000-7f510fe01000 ---p 00000000 00:00 0 
7f510fe01000-7f510feff000 rw-p 00000000 00:00 0 
7f510feff000-7f510ff00000 ---p 00000000 00:00 0 
7f510ff00000-7f5110000000 rw-p 00000000 00:00 0 
7f5110000000-7f5110021000 rw-p 00000000 00:00 0 
7f5110021000-7f5114000000 ---p 00000000 00:00 0 
7f5114000000-7f5114021000 rw-p 00000000 00:00 0 
7f5114021000-7f5118000000 ---p 00000000 00:00 0 
7f5118000000-7f5118021000 rw-p 00000000 00:00 0 
7f5118021000-7f511c000000 ---p 00000000 00:00 0 
7f511c000000-7f511c001000 r--s 0000c000 08:02 304680                     /home/cflima/.m2/repository/org/eclipse/jetty/jetty-xml/9.4.7.v20170914/jetty-xml-9.4.7.v20170914.jar
7f511c001000-7f511c002000 r--s 00000000 08:02 304666                     /home/cflima/.m2/repository/org/springframework/boot/spring-boot-starter-jetty/1.5.8.RELEASE/spring-boot-starter-jetty-1.5.8.RELEASE.jar
7f511c002000-7f511c013000 r--s 000cf000 08:02 304658                     /home/cflima/.m2/repository/org/springframework/spring-webmvc/4.3.12.RELEASE/spring-webmvc-4.3.12.RELEASE.jar
7f511c013000-7f511c021000 r--s 000ad000 08:02 304647                     /home/cflima/.m2/repository/org/springframework/spring-beans/4.3.12.RELEASE/spring-beans-4.3.12.RELEASE.jar
7f511c021000-7f511c032000 r--s 000b8000 08:02 304643                     /home/cflima/.m2/repository/org/springframework/spring-web/4.3.12.RELEASE/spring-web-4.3.12.RELEASE.jar
7f511c032000-7f511c036000 r--s 00042000 08:02 304641                     /home/cflima/.m2/repository/com/fasterxml/jackson/core/jackson-core/2.8.10/jackson-core-2.8.10.jar
7f511c036000-7f511c039000 r--s 0000b000 08:02 304639                     /home/cflima/.m2/repository/com/fasterxml/jackson/core/jackson-annotations/2.8.0/jackson-annotations-2.8.0.jar
7f511c039000-7f511c04b000 r--s 0011e000 08:02 304638                     /home/cflima/.m2/repository/com/fasterxml/jackson/core/jackson-databind/2.8.10/jackson-databind-2.8.10.jar
7f511c04b000-7f511c04d000 r--s 0000e000 08:02 304636                     /home/cflima/.m2/repository/com/fasterxml/classmate/1.3.1/classmate-1.3.1.jar
7f511c04d000-7f511c04f000 r--s 0000f000 08:02 304634                     /home/cflima/.m2/repository/org/jboss/logging/jboss-logging/3.3.0.Final/jboss-logging-3.3.0.Final.jar
7f511c04f000-7f511c053000 r--s 0000c000 08:02 304632                     /home/cflima/.m2/repository/javax/validation/validation-api/1.1.0.Final/validation-api-1.1.0.Final.jar
7f511c053000-7f511c064000 r--s 000a1000 08:02 304630                     /home/cflima/.m2/repository/org/hibernate/hibernate-validator/5.3.5.Final/hibernate-validator-5.3.5.Final.jar
7f511c064000-7f511c06a000 r--s 0003d000 08:02 304628                     /home/cflima/.m2/repository/org/yaml/snakeyaml/1.17/snakeyaml-1.17.jar
7f511c06a000-7f511c081000 r--s 000fc000 08:02 304626                     /home/cflima/.m2/repository/org/springframework/spring-core/4.3.12.RELEASE/spring-core-4.3.12.RELEASE.jar
7f511c081000-7f511c083000 r--s 00004000 08:02 304624                     /home/cflima/.m2/repository/org/slf4j/log4j-over-slf4j/1.7.25/log4j-over-slf4j-1.7.25.jar
7f511c083000-7f511c08e000 r--s 0006a000 08:02 304620                     /home/cflima/.m2/repository/ch/qos/logback/logback-core/1.1.11/logback-core-1.1.11.jar
7f511c08e000-7f5120000000 rw-p 00000000 00:00 0 
7f5120000000-7f5120021000 rw-p 00000000 00:00 0 
7f5120021000-7f5124000000 ---p 00000000 00:00 0 
7f5124000000-7f5124096000 r--s 0110a000 08:02 863406                     /usr/lib/jvm/java-8-oracle/jre/lib/ext/jfxrt.jar
7f5124096000-7f5124e27000 rw-p 00000000 00:00 0 
7f5124e27000-7f5125000000 r--s 03d64000 08:02 863300                     /usr/lib/jvm/java-8-oracle/jre/lib/rt.jar
7f5125000000-7f5126000000 rwxp 00000000 00:00 0 
7f5126000000-7f5134000000 ---p 00000000 00:00 0 
7f5134000000-7f5134a01000 rw-p 00000000 00:00 0 
7f5134a01000-7f5138000000 ---p 00000000 00:00 0 
7f5138000000-7f5138001000 r--s 00000000 08:02 304662                     /home/cflima/.m2/repository/org/springframework/boot/spring-boot-starter-actuator/1.5.8.RELEASE/spring-boot-starter-actuator-1.5.8.RELEASE.jar
7f5138001000-7f5138003000 r--s 00000000 08:02 304622                     /home/cflima/.m2/repository/org/slf4j/jul-to-slf4j/1.7.25/jul-to-slf4j-1.7.25.jar
7f5138003000-7f513800a000 r--s 00045000 08:02 304618                     /home/cflima/.m2/repository/ch/qos/logback/logback-classic/1.1.11/logback-classic-1.1.11.jar
7f513800a000-7f513800f000 r--s 00084000 08:02 863100                     /usr/lib/jvm/java-8-oracle/jre/lib/jfr.jar
7f513800f000-7f5138cab000 rw-p 00000000 00:00 0 
7f5138cab000-7f5138cac000 ---p 00000000 00:00 0 
7f5138cac000-7f5138dac000 rw-p 00000000 00:00 0 
7f5138dac000-7f5138dad000 ---p 00000000 00:00 0 
7f5138dad000-7f5138ead000 rw-p 00000000 00:00 0 
7f5138ead000-7f5138eae000 ---p 00000000 00:00 0 
7f5138eae000-7f5138fae000 rw-p 00000000 00:00 0 
7f5138fae000-7f5138faf000 ---p 00000000 00:00 0 
7f5138faf000-7f51390d7000 rw-p 00000000 00:00 0 
7f51390d7000-7f513933f000 ---p 00000000 00:00 0 
7f513933f000-7f5139367000 rw-p 00000000 00:00 0 
7f5139367000-7f51395ce000 ---p 00000000 00:00 0 
7f51395ce000-7f51396b2000 rw-p 00000000 00:00 0 
7f51396b2000-7f5139716000 ---p 00000000 00:00 0 
7f5139716000-7f5139757000 rw-p 00000000 00:00 0 
7f5139757000-7f5139ad7000 ---p 00000000 00:00 0 
7f5139ad7000-7f5139af2000 r-xp 00000000 08:02 863627                     /usr/lib/jvm/java-8-oracle/jre/lib/amd64/libzip.so
7f5139af2000-7f5139cf2000 ---p 0001b000 08:02 863627                     /usr/lib/jvm/java-8-oracle/jre/lib/amd64/libzip.so
7f5139cf2000-7f5139cf3000 rw-p 0001b000 08:02 863627                     /usr/lib/jvm/java-8-oracle/jre/lib/amd64/libzip.so
7f5139cf3000-7f5139cfe000 r-xp 00000000 08:02 82200                      /lib/x86_64-linux-gnu/libnss_files-2.23.so
7f5139cfe000-7f5139efd000 ---p 0000b000 08:02 82200                      /lib/x86_64-linux-gnu/libnss_files-2.23.so
7f5139efd000-7f5139efe000 r--p 0000a000 08:02 82200                      /lib/x86_64-linux-gnu/libnss_files-2.23.so
7f5139efe000-7f5139eff000 rw-p 0000b000 08:02 82200                      /lib/x86_64-linux-gnu/libnss_files-2.23.so
7f5139eff000-7f5139f05000 rw-p 00000000 00:00 0 
7f5139f05000-7f5139f10000 r-xp 00000000 08:02 82207                      /lib/x86_64-linux-gnu/libnss_nis-2.23.so
7f5139f10000-7f513a10f000 ---p 0000b000 08:02 82207                      /lib/x86_64-linux-gnu/libnss_nis-2.23.so
7f513a10f000-7f513a110000 r--p 0000a000 08:02 82207                      /lib/x86_64-linux-gnu/libnss_nis-2.23.so
7f513a110000-7f513a111000 rw-p 0000b000 08:02 82207                      /lib/x86_64-linux-gnu/libnss_nis-2.23.so
7f513a111000-7f513a127000 r-xp 00000000 08:02 82168                      /lib/x86_64-linux-gnu/libnsl-2.23.so
7f513a127000-7f513a326000 ---p 00016000 08:02 82168                      /lib/x86_64-linux-gnu/libnsl-2.23.so
7f513a326000-7f513a327000 r--p 00015000 08:02 82168                      /lib/x86_64-linux-gnu/libnsl-2.23.so
7f513a327000-7f513a328000 rw-p 00016000 08:02 82168                      /lib/x86_64-linux-gnu/libnsl-2.23.so
7f513a328000-7f513a32a000 rw-p 00000000 00:00 0 
7f513a32a000-7f513a332000 r-xp 00000000 08:02 82190                      /lib/x86_64-linux-gnu/libnss_compat-2.23.so
7f513a332000-7f513a531000 ---p 00008000 08:02 82190                      /lib/x86_64-linux-gnu/libnss_compat-2.23.so
7f513a531000-7f513a532000 r--p 00007000 08:02 82190                      /lib/x86_64-linux-gnu/libnss_compat-2.23.so
7f513a532000-7f513a533000 rw-p 00008000 08:02 82190                      /lib/x86_64-linux-gnu/libnss_compat-2.23.so
7f513a533000-7f513a55e000 r-xp 00000000 08:02 863621                     /usr/lib/jvm/java-8-oracle/jre/lib/amd64/libjava.so
7f513a55e000-7f513a75d000 ---p 0002b000 08:02 863621                     /usr/lib/jvm/java-8-oracle/jre/lib/amd64/libjava.so
7f513a75d000-7f513a75f000 rw-p 0002a000 08:02 863621                     /usr/lib/jvm/java-8-oracle/jre/lib/amd64/libjava.so
7f513a75f000-7f513a76c000 r-xp 00000000 08:02 863626                     /usr/lib/jvm/java-8-oracle/jre/lib/amd64/libverify.so
7f513a76c000-7f513a96c000 ---p 0000d000 08:02 863626                     /usr/lib/jvm/java-8-oracle/jre/lib/amd64/libverify.so
7f513a96c000-7f513a96e000 rw-p 0000d000 08:02 863626                     /usr/lib/jvm/java-8-oracle/jre/lib/amd64/libverify.so
7f513a96e000-7f513a975000 r-xp 00000000 08:02 82208                      /lib/x86_64-linux-gnu/librt-2.23.so
7f513a975000-7f513ab74000 ---p 00007000 08:02 82208                      /lib/x86_64-linux-gnu/librt-2.23.so
7f513ab74000-7f513ab75000 r--p 00006000 08:02 82208                      /lib/x86_64-linux-gnu/librt-2.23.so
7f513ab75000-7f513ab76000 rw-p 00007000 08:02 82208                      /lib/x86_64-linux-gnu/librt-2.23.so
7f513ab76000-7f513ac7e000 r-xp 00000000 08:02 82166                      /lib/x86_64-linux-gnu/libm-2.23.so
7f513ac7e000-7f513ae7d000 ---p 00108000 08:02 82166                      /lib/x86_64-linux-gnu/libm-2.23.so
7f513ae7d000-7f513ae7e000 r--p 00107000 08:02 82166                      /lib/x86_64-linux-gnu/libm-2.23.so
7f513ae7e000-7f513ae7f000 rw-p 00108000 08:02 82166                      /lib/x86_64-linux-gnu/libm-2.23.so
7f513ae7f000-7f513bb58000 r-xp 00000000 08:02 863604                     /usr/lib/jvm/java-8-oracle/jre/lib/amd64/server/libjvm.so
7f513bb58000-7f513bd57000 ---p 00cd9000 08:02 863604                     /usr/lib/jvm/java-8-oracle/jre/lib/amd64/server/libjvm.so
7f513bd57000-7f513be30000 rw-p 00cd8000 08:02 863604                     /usr/lib/jvm/java-8-oracle/jre/lib/amd64/server/libjvm.so
7f513be30000-7f513be7c000 rw-p 00000000 00:00 0 
7f513be7c000-7f513c03c000 r-xp 00000000 08:02 82174                      /lib/x86_64-linux-gnu/libc-2.23.so
7f513c03c000-7f513c23c000 ---p 001c0000 08:02 82174                      /lib/x86_64-linux-gnu/libc-2.23.so
7f513c23c000-7f513c240000 r--p 001c0000 08:02 82174                      /lib/x86_64-linux-gnu/libc-2.23.so
7f513c240000-7f513c242000 rw-p 001c4000 08:02 82174                      /lib/x86_64-linux-gnu/libc-2.23.so
7f513c242000-7f513c246000 rw-p 00000000 00:00 0 
7f513c246000-7f513c249000 r-xp 00000000 08:02 82178                      /lib/x86_64-linux-gnu/libdl-2.23.so
7f513c249000-7f513c448000 ---p 00003000 08:02 82178                      /lib/x86_64-linux-gnu/libdl-2.23.so
7f513c448000-7f513c449000 r--p 00002000 08:02 82178                      /lib/x86_64-linux-gnu/libdl-2.23.so
7f513c449000-7f513c44a000 rw-p 00003000 08:02 82178                      /lib/x86_64-linux-gnu/libdl-2.23.so
7f513c44a000-7f513c460000 r-xp 00000000 08:02 860371                     /usr/lib/jvm/java-8-oracle/lib/amd64/jli/libjli.so
7f513c460000-7f513c65f000 ---p 00016000 08:02 860371                     /usr/lib/jvm/java-8-oracle/lib/amd64/jli/libjli.so
7f513c65f000-7f513c660000 rw-p 00015000 08:02 860371                     /usr/lib/jvm/java-8-oracle/lib/amd64/jli/libjli.so
7f513c660000-7f513c678000 r-xp 00000000 08:02 82172                      /lib/x86_64-linux-gnu/libpthread-2.23.so
7f513c678000-7f513c877000 ---p 00018000 08:02 82172                      /lib/x86_64-linux-gnu/libpthread-2.23.so
7f513c877000-7f513c878000 r--p 00017000 08:02 82172                      /lib/x86_64-linux-gnu/libpthread-2.23.so
7f513c878000-7f513c879000 rw-p 00018000 08:02 82172                      /lib/x86_64-linux-gnu/libpthread-2.23.so
7f513c879000-7f513c87d000 rw-p 00000000 00:00 0 
7f513c87d000-7f513c8a3000 r-xp 00000000 08:02 82170                      /lib/x86_64-linux-gnu/ld-2.23.so
7f513c8a3000-7f513c8a4000 r--s 00000000 08:02 403760                     /home/cflima/.m2/repository/org/springframework/boot/spring-boot-starter-security/1.5.8.RELEASE/spring-boot-starter-security-1.5.8.RELEASE.jar
7f513c8a4000-7f513c8b7000 r--s 00345000 08:02 863366                     /usr/lib/jvm/java-8-oracle/jre/lib/resources.jar
7f513c8b7000-7f513c982000 rw-p 00000000 00:00 0 
7f513c982000-7f513c985000 ---p 00000000 00:00 0 
7f513c985000-7f513ca88000 rw-p 00000000 00:00 0 
7f513ca88000-7f513ca89000 r--s 00000000 08:02 304616                     /home/cflima/.m2/repository/org/springframework/boot/spring-boot-starter-logging/1.5.8.RELEASE/spring-boot-starter-logging-1.5.8.RELEASE.jar
7f513ca89000-7f513ca8a000 r--s 00000000 08:02 304614                     /home/cflima/.m2/repository/org/springframework/boot/spring-boot-starter/1.5.8.RELEASE/spring-boot-starter-1.5.8.RELEASE.jar
7f513ca8a000-7f513ca8b000 r--s 00000000 08:02 304612                     /home/cflima/.m2/repository/org/springframework/boot/spring-boot-starter-web/1.5.8.RELEASE/spring-boot-starter-web-1.5.8.RELEASE.jar
7f513ca8b000-7f513ca90000 r--s 002f9000 08:02 863294                     /usr/lib/jvm/java-8-oracle/jre/lib/charsets.jar
7f513ca90000-7f513ca93000 r--s 0001a000 08:02 863647                     /usr/lib/jvm/java-8-oracle/jre/lib/jce.jar
7f513ca93000-7f513ca98000 r--s 0009d000 08:02 863398                     /usr/lib/jvm/java-8-oracle/jre/lib/jsse.jar
7f513ca98000-7f513caa0000 rw-s 00000000 08:02 1206370                    /tmp/hsperfdata_cflima/20343
7f513caa0000-7f513caa1000 rw-p 00000000 00:00 0 
7f513caa1000-7f513caa2000 ---p 00000000 00:00 0 
7f513caa2000-7f513caa3000 r--p 00025000 08:02 82170                      /lib/x86_64-linux-gnu/ld-2.23.so
7f513caa3000-7f513caa4000 rw-p 00026000 08:02 82170                      /lib/x86_64-linux-gnu/ld-2.23.so
7f513caa4000-7f513caa5000 rw-p 00000000 00:00 0 
7ffd3e2e7000-7ffd3e30b000 rw-p 00000000 00:00 0                          [stack]
7ffd3e333000-7ffd3e336000 r--p 00000000 00:00 0                          [vvar]
7ffd3e336000-7ffd3e338000 r-xp 00000000 00:00 0                          [vdso]
ffffffffff600000-ffffffffff601000 r-xp 00000000 00:00 0                  [vsyscall]

VM Arguments:
jvm_args: -Dfile.encoding=UTF-8 
java_command: br.com.cflima.semijoias.Configuration
java_class_path (initial): /usr/lib/jvm/java-8-oracle/jre/lib/resources.jar:/usr/lib/jvm/java-8-oracle/jre/lib/rt.jar:/usr/lib/jvm/java-8-oracle/jre/lib/jsse.jar:/usr/lib/jvm/java-8-oracle/jre/lib/jce.jar:/usr/lib/jvm/java-8-oracle/jre/lib/charsets.jar:/usr/lib/jvm/java-8-oracle/jre/lib/jfr.jar:/usr/lib/jvm/java-8-oracle/jre/lib/ext/localedata.jar:/usr/lib/jvm/java-8-oracle/jre/lib/ext/sunpkcs11.jar:/usr/lib/jvm/java-8-oracle/jre/lib/ext/jaccess.jar:/usr/lib/jvm/java-8-oracle/jre/lib/ext/jfxrt.jar:/usr/lib/jvm/java-8-oracle/jre/lib/ext/zipfs.jar:/usr/lib/jvm/java-8-oracle/jre/lib/ext/nashorn.jar:/usr/lib/jvm/java-8-oracle/jre/lib/ext/sunjce_provider.jar:/usr/lib/jvm/java-8-oracle/jre/lib/ext/dnsns.jar:/usr/lib/jvm/java-8-oracle/jre/lib/ext/cldrdata.jar:/usr/lib/jvm/java-8-oracle/jre/lib/ext/sunec.jar:/home/cflima/Desenvolvimento/workspaces/estudos/springboot/semijoias/target/classes:/home/cflima/.m2/repository/org/springframework/boot/spring-boot-starter-web/1.5.8.RELEASE/spring-boot-starter-web-1.5.8.RELEASE.jar:/home/cflima/.m2/repository/org/springframework/boot/spring-boot-starter/1.5.8.RELEASE/spring-boot-starter-1.5.8.RELEASE.jar:/home/cflima/.m2/repository/org/springframework/boot/spring-boot-starter-logging/1.5.8.RELEASE/spring-boot-starter-logging-1.5.8.RELEASE.jar:/home/cflima/.m2/repository/ch/qos/logback/logback-classic/1.1.11/logback-classic-1.1.11.jar:/home/cflima/.m2/repository/ch/qos/logback/logback-core/1.1.11/logback-core-1.1.11.jar:/home/cflima/.m2/repository/org/slf4j/jul-to-slf4j/1.7.25/jul-to-slf4j-1.7.25.jar:/home/cflima/.m2/repository/org/slf4j/log4j-over-slf4j/1.7.25/log4j-over-slf4j-1.7.25.jar:/home/cflima/.m2/repository/org/springframework/spring-core/4.3.12.RELEASE/spring-core-4.3.12.RELEASE.jar:/home/cflima/.m2/repository/org/yaml/snakeyaml/1.17/snakeyaml-1.17.jar:/home/cflima/.m2/repository/org/hibernate/hibernate-validator/5.3.5.Final/hibernate-validator-5.3.5.Final.jar:/home/cflima/.m2/repository/javax/validation/validation-api/1.1.
Launcher Type: SUN_STANDARD

Environment Variables:
JAVA_HOME=/usr/lib/jvm/java-8-oracle
PATH=/home/cflima/bin:/home/cflima/.local/bin:/usr/local/sbin:/usr/local/bin:/usr/sbin:/usr/bin:/sbin:/bin:/usr/games:/usr/local/games:/snap/bin:/usr/lib/jvm/java-8-oracle/bin:/usr/lib/jvm/java-8-oracle/db/bin:/usr/lib/jvm/java-8-oracle/jre/bin:/home/cflima/estudosLinux:/home/cflima/eclipse
SHELL=/bin/bash
DISPLAY=:0

Signal Handlers:
SIGSEGV: [libjvm.so+0xad01e0], sa_mask[0]=11111111011111111101111111111110, sa_flags=SA_RESTART|SA_SIGINFO
SIGBUS: [libjvm.so+0xad01e0], sa_mask[0]=11111111011111111101111111111110, sa_flags=SA_RESTART|SA_SIGINFO
SIGFPE: [libjvm.so+0x927fb0], sa_mask[0]=11111111011111111101111111111110, sa_flags=SA_RESTART|SA_SIGINFO
SIGPIPE: [libjvm.so+0x927fb0], sa_mask[0]=11111111011111111101111111111110, sa_flags=SA_RESTART|SA_SIGINFO
SIGXFSZ: [libjvm.so+0x927fb0], sa_mask[0]=11111111011111111101111111111110, sa_flags=SA_RESTART|SA_SIGINFO
SIGILL: [libjvm.so+0x927fb0], sa_mask[0]=11111111011111111101111111111110, sa_flags=SA_RESTART|SA_SIGINFO
SIGUSR1: SIG_DFL, sa_mask[0]=00000000000000000000000000000000, sa_flags=none
SIGUSR2: [libjvm.so+0x9297f0], sa_mask[0]=00100000000000000000000000000000, sa_flags=SA_RESTART|SA_SIGINFO
SIGHUP: [libjvm.so+0x92abf0], sa_mask[0]=11111111011111111101111111111110, sa_flags=SA_RESTART|SA_SIGINFO
SIGINT: [libjvm.so+0x92abf0], sa_mask[0]=11111111011111111101111111111110, sa_flags=SA_RESTART|SA_SIGINFO
SIGTERM: [libjvm.so+0x92abf0], sa_mask[0]=11111111011111111101111111111110, sa_flags=SA_RESTART|SA_SIGINFO
SIGQUIT: [libjvm.so+0x92abf0], sa_mask[0]=11111111011111111101111111111110, sa_flags=SA_RESTART|SA_SIGINFO


---------------  S Y S T E M  ---------------

OS:DISTRIB_ID=Ubuntu
DISTRIB_RELEASE=16.04
DISTRIB_CODENAME=xenial
DISTRIB_DESCRIPTION="Ubuntu 16.04.3 LTS"

uname:Linux 4.13.0-36-generic #40~16.04.1-Ubuntu SMP Fri Feb 16 23:25:58 UTC 2018 x86_64
libc:glibc 2.23 NPTL 2.23 
rlimit: STACK 8192k, CORE 0k, NPROC 31218, NOFILE 1048576, AS infinity
load average:1.46 0.98 0.85

/proc/meminfo:
MemTotal:        8044684 kB
MemFree:          129776 kB
MemAvailable:      64264 kB
Buffers:            1332 kB
Cached:          1157820 kB
SwapCached:            0 kB
Active:          6473404 kB
Inactive:        1119216 kB
Active(anon):    6445340 kB
Inactive(anon):  1061592 kB
Active(file):      28064 kB
Inactive(file):    57624 kB
Unevictable:         432 kB
Mlocked:             432 kB
SwapTotal:             0 kB
SwapFree:              0 kB
Dirty:              1316 kB
Writeback:             0 kB
AnonPages:       6434260 kB
Mapped:           480456 kB
Shmem:           1073324 kB
Slab:             121512 kB
SReclaimable:      53752 kB
SUnreclaim:        67760 kB
KernelStack:       21072 kB
PageTables:        94280 kB
NFS_Unstable:          0 kB
Bounce:                0 kB
WritebackTmp:          0 kB
CommitLimit:     4022340 kB
Committed_AS:   17488364 kB
VmallocTotal:   34359738367 kB
VmallocUsed:           0 kB
VmallocChunk:          0 kB
HardwareCorrupted:     0 kB
AnonHugePages:         0 kB
ShmemHugePages:        0 kB
ShmemPmdMapped:        0 kB
CmaTotal:              0 kB
CmaFree:               0 kB
HugePages_Total:       0
HugePages_Free:        0
HugePages_Rsvd:        0
HugePages_Surp:        0
Hugepagesize:       2048 kB
DirectMap4k:      296400 kB
DirectMap2M:     7970816 kB


CPU:total 4 (initial active 4) (2 cores per cpu, 2 threads per core) family 6 model 42 stepping 7, cmov, cx8, fxsr, mmx, sse, sse2, sse3, ssse3, sse4.1, sse4.2, popcnt, avx, aes, clmul, ht, tsc, tscinvbit

/proc/cpuinfo:
processor	: 0
vendor_id	: GenuineIntel
cpu family	: 6
model		: 42
model name	: Intel(R) Core(TM) i5-2520M CPU @ 2.50GHz
stepping	: 7
microcode	: 0x29
cpu MHz		: 2494.149
cache size	: 3072 KB
physical id	: 0
siblings	: 4
core id		: 0
cpu cores	: 2
apicid		: 0
initial apicid	: 0
fpu		: yes
fpu_exception	: yes
cpuid level	: 13
wp		: yes
flags		: fpu vme de pse tsc msr pae mce cx8 apic sep mtrr pge mca cmov pat pse36 clflush dts acpi mmx fxsr sse sse2 ss ht tm pbe syscall nx rdtscp lm constant_tsc arch_perfmon pebs bts rep_good nopl xtopology nonstop_tsc cpuid aperfmperf pni pclmulqdq dtes64 monitor ds_cpl vmx smx est tm2 ssse3 cx16 xtpr pdcm pcid sse4_1 sse4_2 x2apic popcnt tsc_deadline_timer aes xsave avx lahf_lm epb pti retpoline tpr_shadow vnmi flexpriority ept vpid xsaveopt dtherm ida arat pln pts
bugs		: cpu_meltdown spectre_v1 spectre_v2
bogomips	: 4988.29
clflush size	: 64
cache_alignment	: 64
address sizes	: 36 bits physical, 48 bits virtual
power management:

processor	: 1
vendor_id	: GenuineIntel
cpu family	: 6
model		: 42
model name	: Intel(R) Core(TM) i5-2520M CPU @ 2.50GHz
stepping	: 7
microcode	: 0x29
cpu MHz		: 2494.149
cache size	: 3072 KB
physical id	: 0
siblings	: 4
core id		: 1
cpu cores	: 2
apicid		: 2
initial apicid	: 2
fpu		: yes
fpu_exception	: yes
cpuid level	: 13
wp		: yes
flags		: fpu vme de pse tsc msr pae mce cx8 apic sep mtrr pge mca cmov pat pse36 clflush dts acpi mmx fxsr sse sse2 ss ht tm pbe syscall nx rdtscp lm constant_tsc arch_perfmon pebs bts rep_good nopl xtopology nonstop_tsc cpuid aperfmperf pni pclmulqdq dtes64 monitor ds_cpl vmx smx est tm2 ssse3 cx16 xtpr pdcm pcid sse4_1 sse4_2 x2apic popcnt tsc_deadline_timer aes xsave avx lahf_lm epb pti retpoline tpr_shadow vnmi flexpriority ept vpid xsaveopt dtherm ida arat pln pts
bugs		: cpu_meltdown spectre_v1 spectre_v2
bogomips	: 4988.29
clflush size	: 64
cache_alignment	: 64
address sizes	: 36 bits physical, 48 bits virtual
power management:

processor	: 2
vendor_id	: GenuineIntel
cpu family	: 6
model		: 42
model name	: Intel(R) Core(TM) i5-2520M CPU @ 2.50GHz
stepping	: 7
microcode	: 0x29
cpu MHz		: 2494.149
cache size	: 3072 KB
physical id	: 0
siblings	: 4
core id		: 0
cpu cores	: 2
apicid		: 1
initial apicid	: 1
fpu		: yes
fpu_exception	: yes
cpuid level	: 13
wp		: yes
flags		: fpu vme de pse tsc msr pae mce cx8 apic sep mtrr pge mca cmov pat pse36 clflush dts acpi mmx fxsr sse sse2 ss ht tm pbe syscall nx rdtscp lm constant_tsc arch_perfmon pebs bts rep_good nopl xtopology nonstop_tsc cpuid aperfmperf pni pclmulqdq dtes64 monitor ds_cpl vmx smx est tm2 ssse3 cx16 xtpr pdcm pcid sse4_1 sse4_2 x2apic popcnt tsc_deadline_timer aes xsave avx lahf_lm epb pti retpoline tpr_shadow vnmi flexpriority ept vpid xsaveopt dtherm ida arat pln pts
bugs		: cpu_meltdown spectre_v1 spectre_v2
bogomips	: 4988.29
clflush size	: 64
cache_alignment	: 64
address sizes	: 36 bits physical, 48 bits virtual
power management:

processor	: 3
vendor_id	: GenuineIntel
cpu family	: 6
model		: 42
model name	: Intel(R) Core(TM) i5-2520M CPU @ 2.50GHz
stepping	: 7
microcode	: 0x29
cpu MHz		: 2494.149
cache size	: 3072 KB
physical id	: 0
siblings	: 4
core id		: 1
cpu cores	: 2
apicid		: 3
initial apicid	: 3
fpu		: yes
fpu_exception	: yes
cpuid level	: 13
wp		: yes
flags		: fpu vme de pse tsc msr pae mce cx8 apic sep mtrr pge mca cmov pat pse36 clflush dts acpi mmx fxsr sse sse2 ss ht tm pbe syscall nx rdtscp lm constant_tsc arch_perfmon pebs bts rep_good nopl xtopology nonstop_tsc cpuid aperfmperf pni pclmulqdq dtes64 monitor ds_cpl vmx smx est tm2 ssse3 cx16 xtpr pdcm pcid sse4_1 sse4_2 x2apic popcnt tsc_deadline_timer aes xsave avx lahf_lm epb pti retpoline tpr_shadow vnmi flexpriority ept vpid xsaveopt dtherm ida arat pln pts
bugs		: cpu_meltdown spectre_v1 spectre_v2
bogomips	: 4988.29
clflush size	: 64
cache_alignment	: 64
address sizes	: 36 bits physical, 48 bits virtual
power management:



Memory: 4k page, physical 8044684k(130280k free), swap 0k(0k free)

vm_info: Java HotSpot(TM) 64-Bit Server VM (25.161-b12) for linux-amd64 JRE (1.8.0_161-b12), built on Dec 19 2017 16:12:43 by "java_re" with gcc 4.3.0 20080428 (Red Hat 4.3.0-8)

time: Wed Mar 28 20:50:40 2018
elapsed time: 12 seconds (0d 0h 0m 12s)

